Min distance: 1.000000 arcmin
Max distance: 10000.000000 arcmin
Bins per dec: 5
Total bins  : 20
####  Start Generating trace for gen_hists  ####
9
15
5
29
21
9
103
87
47
228
209
127
494
552
289
1251
1320
754
3000
3150
1806
6501
7419
4595
13215
17625
10777
20473
37232
24705
13663
65453
53712
308
97518
109125
0
143567
199030
42647
399999
311617
16405
868942
491906
0
869331
713781
0
1462760
958274
0
958091
2604478
0
968081
3181450
0
15287706
2810011
IO        : 0.050468
Kernel    : 177.815718
Copy      : 0.010841
Driver    : 177.815712
Compute   : 0.000639
CPU/Kernel Overlap: 177.815718
Timer Wall Time: 177.877747
