Min distance: 1.000000 arcmin
Max distance: 10000.000000 arcmin
Bins per dec: 5
Total bins  : 20

####  gen_hists memory_footprint:622404  ####
11
17
4
28
22
10
102
84
50
231
209
122
492
551
290
1250
1322
755
3001
3148
1805
6503
7421
4595
13214
17625
10776
20474
37234
24705
13662
65453
53715
308
97510
109123
0
143568
199031
42647
400005
311616
16405
868941
491907
0
869334
713781
0
1462758
958274
0
958091
2604478
0
968081
3181450
0
15287702
2810011
IO        : 0.100605
Kernel    : 0.107118
Copy      : 0.405602
Driver    : 0.107193
Compute   : 0.000661
CPU/Kernel Overlap: 0.107118
Timer Wall Time: 0.614430
