read 5943 atoms from file '../datasets/parboil/cutcp/small/input/watbox.sl40.pqr'
extent of domain is:
  minimum -19.998 -19.941 -19.961
  maximum 19.974 20 19.974
padding domain by 0.5 Angstroms
domain lengths are 40.972 by 40.941 by 40.935
Invoking CUDA kernel on 11 region planes...
  computing plane 0
####  cuda_cutoff_potential_lattice6overlap memory_footprint:3354752  ####
  computing plane 1
####  cuda_cutoff_potential_lattice6overlap memory_footprint:3354752  ####
  computing plane 2
####  cuda_cutoff_potential_lattice6overlap memory_footprint:3354752  ####
  computing plane 3
####  cuda_cutoff_potential_lattice6overlap memory_footprint:3354752  ####
  computing plane 4
####  cuda_cutoff_potential_lattice6overlap memory_footprint:3354752  ####
  computing plane 5
####  cuda_cutoff_potential_lattice6overlap memory_footprint:3354752  ####
  computing plane 6
####  cuda_cutoff_potential_lattice6overlap memory_footprint:3354752  ####
  computing plane 7
####  cuda_cutoff_potential_lattice6overlap memory_footprint:3354752  ####
  computing plane 8
####  cuda_cutoff_potential_lattice6overlap memory_footprint:3354752  ####
  computing plane 9
####  cuda_cutoff_potential_lattice6overlap memory_footprint:3354752  ####
  computing plane 10
####  cuda_cutoff_potential_lattice6overlap memory_footprint:3354752  ####
computing extra atoms on CPU

Finished CUDA kernel calls                        

IO        : 0.028131
Kernel    : 0.185086
Copy      : 0.131366
Driver    : 0.184914
Compute   : 0.040332
CPU/Kernel Overlap: 0.185086
Timer Wall Time: 0.384762
