LBM_allocateGrid: allocated 185.2 MByte
MAIN_printInfo:
	grid size      : 120 x 120 x 150 = 2.16 * 10^6 Cells
	nTimeSteps     : 100
	result file    : ../output/bench_output/parboil/lbm_short.out
	action         : store
	simulation type: lid-driven cavity
	obstacle file  : ../datasets/parboil/lbm/short/input/120_120_150_ldc.of

LBM_allocateGrid: allocated 185.2 MByte
LBM_allocateGrid: allocated 185.2 MByte
LBM_showGridStatistics:
	nObstacleCells:  343321 nAccelCells:   26912 nFluidCells: 1789767
	minRho:   1.0000 maxRho:   1.0000 mass: 2.160000e+06
	minU: 0.000000e+00 maxU: 0.000000e+00


####  performStreamCollide_kernel memory_footprint:388300800  ####

####  performStreamCollide_kernel memory_footprint:388300800  ####

####  performStreamCollide_kernel memory_footprint:388300800  ####

####  performStreamCollide_kernel memory_footprint:388300800  ####

####  performStreamCollide_kernel memory_footprint:388300800  ####

####  performStreamCollide_kernel memory_footprint:388300800  ####

####  performStreamCollide_kernel memory_footprint:388300800  ####

####  performStreamCollide_kernel memory_footprint:388300800  ####

####  performStreamCollide_kernel memory_footprint:388300800  ####

####  performStreamCollide_kernel memory_footprint:388300800  ####

####  performStreamCollide_kernel memory_footprint:388300800  ####

####  performStreamCollide_kernel memory_footprint:388300800  ####

####  performStreamCollide_kernel memory_footprint:388300800  ####

####  performStreamCollide_kernel memory_footprint:388300800  ####

####  performStreamCollide_kernel memory_footprint:388300800  ####

####  performStreamCollide_kernel memory_footprint:388300800  ####

####  performStreamCollide_kernel memory_footprint:388300800  ####

####  performStreamCollide_kernel memory_footprint:388300800  ####

####  performStreamCollide_kernel memory_footprint:388300800  ####

####  performStreamCollide_kernel memory_footprint:388300800  ####

####  performStreamCollide_kernel memory_footprint:388300800  ####

####  performStreamCollide_kernel memory_footprint:388300800  ####

####  performStreamCollide_kernel memory_footprint:388300800  ####

####  performStreamCollide_kernel memory_footprint:388300800  ####

####  performStreamCollide_kernel memory_footprint:388300800  ####

####  performStreamCollide_kernel memory_footprint:388300800  ####

####  performStreamCollide_kernel memory_footprint:388300800  ####

####  performStreamCollide_kernel memory_footprint:388300800  ####

####  performStreamCollide_kernel memory_footprint:388300800  ####

####  performStreamCollide_kernel memory_footprint:388300800  ####

####  performStreamCollide_kernel memory_footprint:388300800  ####

####  performStreamCollide_kernel memory_footprint:388300800  ####

####  performStreamCollide_kernel memory_footprint:388300800  ####

####  performStreamCollide_kernel memory_footprint:388300800  ####

####  performStreamCollide_kernel memory_footprint:388300800  ####

####  performStreamCollide_kernel memory_footprint:388300800  ####

####  performStreamCollide_kernel memory_footprint:388300800  ####

####  performStreamCollide_kernel memory_footprint:388300800  ####

####  performStreamCollide_kernel memory_footprint:388300800  ####

####  performStreamCollide_kernel memory_footprint:388300800  ####

####  performStreamCollide_kernel memory_footprint:388300800  ####

####  performStreamCollide_kernel memory_footprint:388300800  ####

####  performStreamCollide_kernel memory_footprint:388300800  ####

####  performStreamCollide_kernel memory_footprint:388300800  ####

####  performStreamCollide_kernel memory_footprint:388300800  ####

####  performStreamCollide_kernel memory_footprint:388300800  ####

####  performStreamCollide_kernel memory_footprint:388300800  ####

####  performStreamCollide_kernel memory_footprint:388300800  ####

####  performStreamCollide_kernel memory_footprint:388300800  ####

####  performStreamCollide_kernel memory_footprint:388300800  ####

####  performStreamCollide_kernel memory_footprint:388300800  ####

####  performStreamCollide_kernel memory_footprint:388300800  ####

####  performStreamCollide_kernel memory_footprint:388300800  ####

####  performStreamCollide_kernel memory_footprint:388300800  ####

####  performStreamCollide_kernel memory_footprint:388300800  ####

####  performStreamCollide_kernel memory_footprint:388300800  ####

####  performStreamCollide_kernel memory_footprint:388300800  ####

####  performStreamCollide_kernel memory_footprint:388300800  ####

####  performStreamCollide_kernel memory_footprint:388300800  ####

####  performStreamCollide_kernel memory_footprint:388300800  ####

####  performStreamCollide_kernel memory_footprint:388300800  ####

####  performStreamCollide_kernel memory_footprint:388300800  ####

####  performStreamCollide_kernel memory_footprint:388300800  ####

####  performStreamCollide_kernel memory_footprint:388300800  ####
timestep: 64

####  performStreamCollide_kernel memory_footprint:388300800  ####

####  performStreamCollide_kernel memory_footprint:388300800  ####

####  performStreamCollide_kernel memory_footprint:388300800  ####

####  performStreamCollide_kernel memory_footprint:388300800  ####

####  performStreamCollide_kernel memory_footprint:388300800  ####

####  performStreamCollide_kernel memory_footprint:388300800  ####

####  performStreamCollide_kernel memory_footprint:388300800  ####

####  performStreamCollide_kernel memory_footprint:388300800  ####

####  performStreamCollide_kernel memory_footprint:388300800  ####

####  performStreamCollide_kernel memory_footprint:388300800  ####

####  performStreamCollide_kernel memory_footprint:388300800  ####

####  performStreamCollide_kernel memory_footprint:388300800  ####

####  performStreamCollide_kernel memory_footprint:388300800  ####

####  performStreamCollide_kernel memory_footprint:388300800  ####

####  performStreamCollide_kernel memory_footprint:388300800  ####

####  performStreamCollide_kernel memory_footprint:388300800  ####

####  performStreamCollide_kernel memory_footprint:388300800  ####

####  performStreamCollide_kernel memory_footprint:388300800  ####

####  performStreamCollide_kernel memory_footprint:388300800  ####

####  performStreamCollide_kernel memory_footprint:388300800  ####

####  performStreamCollide_kernel memory_footprint:388300800  ####

####  performStreamCollide_kernel memory_footprint:388300800  ####

####  performStreamCollide_kernel memory_footprint:388300800  ####

####  performStreamCollide_kernel memory_footprint:388300800  ####

####  performStreamCollide_kernel memory_footprint:388300800  ####

####  performStreamCollide_kernel memory_footprint:388300800  ####

####  performStreamCollide_kernel memory_footprint:388300800  ####

####  performStreamCollide_kernel memory_footprint:388300800  ####

####  performStreamCollide_kernel memory_footprint:388300800  ####

####  performStreamCollide_kernel memory_footprint:388300800  ####

####  performStreamCollide_kernel memory_footprint:388300800  ####

####  performStreamCollide_kernel memory_footprint:388300800  ####

####  performStreamCollide_kernel memory_footprint:388300800  ####

####  performStreamCollide_kernel memory_footprint:388300800  ####

####  performStreamCollide_kernel memory_footprint:388300800  ####

####  performStreamCollide_kernel memory_footprint:388300800  ####
LBM_allocateGrid: allocated 185.2 MByte
LBM_showGridStatistics:
	nObstacleCells:  343321 nAccelCells:   26912 nFluidCells: 1789767
	minRho:   0.9347 maxRho:   1.0662 mass: 2.160000e+06
	minU: 1.430722e-08 maxU: 2.634726e-02

IO        : 0.071863
Kernel    : 15.488241
Copy      : 0.321288
Driver    : 15.487066
Compute   : 0.951811
CPU/Kernel Overlap: 15.488241
Timer Wall Time: 17.000313
