
Reading parameters
  Number of samples = 2655910
  Grid Size = 256x256x256
  Input Matrix Size = 60x60x60
  Recon Matrix Size = 60x60x60
  Kernel Width = 5.000000
  KMax = 150.00 150.00 150.00
  Oversampling = 5.000000
  GPU Binsize = 32
  Use LUT = Yes
Reading input data from files
Generating Look-Up Table
Running gold version
Running CUDA version

IO        : 0.335510
Kernel    : 22.577722
Copy      : 0.042155
Driver    : 22.578074
Compute   : 0.021992
CPU/Kernel Overlap: 22.576824
Timer Wall Time: 25.515417
