
####  main: Reading model config from '/home/haozhi/Workspace/model_gpu_cache/script/../build/model_config/maxwell.config'  ####
########  ModelConfig::Print  ########
cache_line_size:    32
cache_way_size:     192
cache_set_size:     4

allocate_on_miss:   1
jam_instruction:    1

latency_type:       0
latency_mean:       100
latency_dev:        5

num_sms:            24
max_active_blocks:  32
max_active_threads: 2048

num_running_threads:2

mapping_type:       0
coalescing_type:    1

mshr_check:         1
num_mshrs:          64

cache_line_bits:  5
#############  Print End  ############
####  main: Reading trace from '/home/haozhi/Workspace/model_gpu_cache/script/../output/trace/parboil/mri-g/binning_kernel.trc'  ####
####  main: Writing distances to '/home/haozhi/Workspace/model_gpu_cache/script/../output/trace/parboil/mri-g/binning_kernel.maxwell.distance'  ####
####  main: Reading model config from '/home/haozhi/Workspace/model_gpu_cache/script/../build/model_config/maxwell.config'  ####
########  ModelConfig::Print  ########
cache_line_size:    32
cache_way_size:     192
cache_set_size:     4

allocate_on_miss:   1
jam_instruction:    1

latency_type:       0
latency_mean:       100
latency_dev:        5

num_sms:            24
max_active_blocks:  32
max_active_threads: 2048

num_running_threads:2

mapping_type:       0
coalescing_type:    1

mshr_check:         1
num_mshrs:          64

cache_line_bits:  5
#############  Print End  ############
####  main: Reading trace from '/home/haozhi/Workspace/model_gpu_cache/script/../output/trace/parboil/mri-g/scan_inter1_kernel.trc'  ####
####  main: Writing distances to '/home/haozhi/Workspace/model_gpu_cache/script/../output/trace/parboil/mri-g/scan_inter1_kernel.maxwell.distance'  ####
####  main: Reading model config from '/home/haozhi/Workspace/model_gpu_cache/script/../build/model_config/maxwell.config'  ####
########  ModelConfig::Print  ########
cache_line_size:    32
cache_way_size:     192
cache_set_size:     4

allocate_on_miss:   1
jam_instruction:    1

latency_type:       0
latency_mean:       100
latency_dev:        5

num_sms:            24
max_active_blocks:  32
max_active_threads: 2048

num_running_threads:2

mapping_type:       0
coalescing_type:    1

mshr_check:         1
num_mshrs:          64

cache_line_bits:  5
#############  Print End  ############
####  main: Reading trace from '/home/haozhi/Workspace/model_gpu_cache/script/../output/trace/parboil/mri-g/scan_inter2_kernel.trc'  ####
####  main: Writing distances to '/home/haozhi/Workspace/model_gpu_cache/script/../output/trace/parboil/mri-g/scan_inter2_kernel.maxwell.distance'  ####
####  main: Reading model config from '/home/haozhi/Workspace/model_gpu_cache/script/../build/model_config/maxwell.config'  ####
########  ModelConfig::Print  ########
cache_line_size:    32
cache_way_size:     192
cache_set_size:     4

allocate_on_miss:   1
jam_instruction:    1

latency_type:       0
latency_mean:       100
latency_dev:        5

num_sms:            24
max_active_blocks:  32
max_active_threads: 2048

num_running_threads:2

mapping_type:       0
coalescing_type:    1

mshr_check:         1
num_mshrs:          64

cache_line_bits:  5
#############  Print End  ############
####  main: Reading trace from '/home/haozhi/Workspace/model_gpu_cache/script/../output/trace/parboil/mri-g/scan_L1_kernel.trc'  ####
####  main: Writing distances to '/home/haozhi/Workspace/model_gpu_cache/script/../output/trace/parboil/mri-g/scan_L1_kernel.maxwell.distance'  ####
####  main: Reading model config from '/home/haozhi/Workspace/model_gpu_cache/script/../build/model_config/maxwell.config'  ####
########  ModelConfig::Print  ########
cache_line_size:    32
cache_way_size:     192
cache_set_size:     4

allocate_on_miss:   1
jam_instruction:    1

latency_type:       0
latency_mean:       100
latency_dev:        5

num_sms:            24
max_active_blocks:  32
max_active_threads: 2048

num_running_threads:2

mapping_type:       0
coalescing_type:    1

mshr_check:         1
num_mshrs:          64

cache_line_bits:  5
#############  Print End  ############
####  main: Reading trace from '/home/haozhi/Workspace/model_gpu_cache/script/../output/trace/parboil/mri-g/splitRearrange.trc'  ####
####  main: Writing distances to '/home/haozhi/Workspace/model_gpu_cache/script/../output/trace/parboil/mri-g/splitRearrange.maxwell.distance'  ####
####  main: Reading model config from '/home/haozhi/Workspace/model_gpu_cache/script/../build/model_config/maxwell.config'  ####
########  ModelConfig::Print  ########
cache_line_size:    32
cache_way_size:     192
cache_set_size:     4

allocate_on_miss:   1
jam_instruction:    1

latency_type:       0
latency_mean:       100
latency_dev:        5

num_sms:            24
max_active_blocks:  32
max_active_threads: 2048

num_running_threads:2

mapping_type:       0
coalescing_type:    1

mshr_check:         1
num_mshrs:          64

cache_line_bits:  5
#############  Print End  ############
####  main: Reading trace from '/home/haozhi/Workspace/model_gpu_cache/script/../output/trace/parboil/mri-g/splitSort.trc'  ####
####  main: Writing distances to '/home/haozhi/Workspace/model_gpu_cache/script/../output/trace/parboil/mri-g/splitSort.maxwell.distance'  ####
####  main: Reading model config from '/home/haozhi/Workspace/model_gpu_cache/script/../build/model_config/maxwell.config'  ####
########  ModelConfig::Print  ########
cache_line_size:    32
cache_way_size:     192
cache_set_size:     4

allocate_on_miss:   1
jam_instruction:    1

latency_type:       0
latency_mean:       100
latency_dev:        5

num_sms:            24
max_active_blocks:  32
max_active_threads: 2048

num_running_threads:2

mapping_type:       0
coalescing_type:    1

mshr_check:         1
num_mshrs:          64

cache_line_bits:  5
#############  Print End  ############
####  main: Reading trace from '/home/haozhi/Workspace/model_gpu_cache/script/../output/trace/parboil/mri-g/uniformAdd.trc'  ####
####  main: Writing distances to '/home/haozhi/Workspace/model_gpu_cache/script/../output/trace/parboil/mri-g/uniformAdd.maxwell.distance'  ####
