
###################################################
### 
### Cache configuration:
### 	 Cache size: ~16KB
### 	 Line size: 128 bytes
### 	 Layout: 4 ways, 32 sets
### 
###################################################
### 
### Reading the trace file for 'gen_hists'...done
### Blocksize: (256,1,1)
### Total threads: 8192
### Total memory accesses: 115488
### 
### Assigning threads to warps/blocks/cores...done
### 
### [core 0]:
### Running 6 block(s) at a time
### Calculating the reuse distances............done
### 
### Printing results as [reuse_distance] => frequency: 
### %%% [inf] => 2613
### %%% [0] => 1810
### %%% [1] => 865
### %%% [2] => 592
### %%% [3] => 555
### %%% [4] => 475
### %%% [5] => 346
### %%% [6] => 128
### %%% [7] => 37
### %%% [8] => 1
### 
### Modeled cache miss rate:
### 	 Total accesses: 7422
### 	 Of which are misses: 1463 + 512 + 0 + 1150 + 0 = 3125 (compulsory + capacity + associativity + latency + mshr = total)
### 	 Of which are hits: 4297
### 	 Miss rate: 42.1046%
### 
### No verifier data information available, skipping verification
### 
###################################################
